0 info it worked if it ends with ok
1 verbose cli [ '/usr/bin/node', '/usr/bin/npm', 'publish' ]
2 info using npm@1.2.11
3 info using node@v0.8.21
4 verbose publish [ '.' ]
5 verbose read json /home/mcbride/src/quips/package.json
6 verbose cache add [ '.', null ]
7 verbose cache add name=undefined spec="." args=[".",null]
8 verbose parsed url { pathname: '.', path: '.', href: '.' }
9 silly lockFile 3a52ce78- .
10 verbose lock . /home/mcbride/.npm/3a52ce78-.lock
11 verbose read json package.json
12 verbose tar pack [ '/home/mcbride/tmp/npm-27779/1362176655929-0.8267894508317113/tmp.tgz',
12 verbose tar pack   '.' ]
13 verbose tarball /home/mcbride/tmp/npm-27779/1362176655929-0.8267894508317113/tmp.tgz
14 verbose folder .
15 info prepublish quips@0.0.45
16 silly lockFile 3a52ce78- .
17 verbose lock . /home/mcbride/.npm/3a52ce78-.lock
18 silly lockFile 6be36908-55929-0-8267894508317113-tmp-tgz /home/mcbride/tmp/npm-27779/1362176655929-0.8267894508317113/tmp.tgz
19 verbose lock /home/mcbride/tmp/npm-27779/1362176655929-0.8267894508317113/tmp.tgz /home/mcbride/.npm/6be36908-55929-0-8267894508317113-tmp-tgz.lock
20 silly lockFile 3a52ce78- .
21 silly lockFile 3a52ce78- .
22 silly lockFile 6be36908-55929-0-8267894508317113-tmp-tgz /home/mcbride/tmp/npm-27779/1362176655929-0.8267894508317113/tmp.tgz
23 silly lockFile 6be36908-55929-0-8267894508317113-tmp-tgz /home/mcbride/tmp/npm-27779/1362176655929-0.8267894508317113/tmp.tgz
24 verbose tar unpack /home/mcbride/tmp/npm-27779/1362176655929-0.8267894508317113/tmp.tgz
25 silly lockFile f590f02f-55929-0-8267894508317113-package /home/mcbride/tmp/npm-27779/1362176655929-0.8267894508317113/package
26 verbose lock /home/mcbride/tmp/npm-27779/1362176655929-0.8267894508317113/package /home/mcbride/.npm/f590f02f-55929-0-8267894508317113-package.lock
27 silly lockFile 6be36908-55929-0-8267894508317113-tmp-tgz /home/mcbride/tmp/npm-27779/1362176655929-0.8267894508317113/tmp.tgz
28 verbose lock /home/mcbride/tmp/npm-27779/1362176655929-0.8267894508317113/tmp.tgz /home/mcbride/.npm/6be36908-55929-0-8267894508317113-tmp-tgz.lock
29 silly gunzTarPerm modes [ '755', '644' ]
30 silly gunzTarPerm extractEntry package.json
31 silly gunzTarPerm extractEntry .npmignore
32 silly gunzTarPerm extractEntry README.md
33 silly gunzTarPerm extractEntry slug.js
34 silly gunzTarPerm extractEntry .travis.yml
35 silly gunzTarPerm extractEntry Makefile
36 silly gunzTarPerm extractEntry slug.json
37 silly gunzTarPerm extractEntry lib/date.js
38 silly gunzTarPerm extractEntry lib/stickysidebar.jquery.js
39 silly gunzTarPerm extractEntry lib/jquery-ui-1.8.22.datepicker-only.min.js
40 silly gunzTarPerm extractEntry lib/jquery.blockUI.js
41 silly gunzTarPerm extractEntry lib/events.coffee
42 silly gunzTarPerm extractEntry lib/format.coffee
43 silly gunzTarPerm extractEntry lib/combiner.coffee
44 silly gunzTarPerm extractEntry lib/sticky.coffee
45 silly gunzTarPerm extractEntry lib/forms.coffee
46 silly gunzTarPerm extractEntry quips.coffee
47 silly gunzTarPerm extractEntry controllers/navigation_controller.coffee
48 silly gunzTarPerm extractEntry controllers/login_controller.coffee
49 silly gunzTarPerm extractEntry controllers/form_controller.coffee
50 silly gunzTarPerm extractEntry controllers/controller.coffee
51 silly gunzTarPerm extractEntry test/controllers/controller_spec.coffee
52 silly gunzTarPerm extractEntry test/controllers/test_controller_layout.haml
53 silly gunzTarPerm extractEntry test/controllers/test_zzz_template.haml
54 silly gunzTarPerm extractEntry test/controllers/test_aaa_template.haml
55 silly gunzTarPerm extractEntry test/controllers/test_sort_template.haml
56 silly gunzTarPerm extractEntry test/lib/mock_server.js
57 silly gunzTarPerm extractEntry test/lib/forms_spec.coffee
58 silly gunzTarPerm extractEntry test/lib/chai_extensions.coffee
59 silly gunzTarPerm extractEntry test/lib/format_spec.coffee
60 silly gunzTarPerm extractEntry test/lib/form_view_spec_template.haml
61 silly gunzTarPerm extractEntry test/lib/combiner_spec.coffee
62 silly gunzTarPerm extractEntry test/lib/form_error.haml
63 silly gunzTarPerm extractEntry test/lib/events_spec.coffee
64 silly gunzTarPerm extractEntry test/setup.coffee
65 silly gunzTarPerm extractEntry test/views/view_spec.coffee
66 silly gunzTarPerm extractEntry test/views/test_form.haml
67 silly gunzTarPerm extractEntry test/views/navigation_view_spec.coffee
68 silly gunzTarPerm extractEntry test/views/list_view_spec.coffee
69 silly gunzTarPerm extractEntry test/views/test_list_template.haml
70 silly gunzTarPerm extractEntry test/views/test_template.haml
71 silly gunzTarPerm extractEntry test/views/notice_view_spec.coffee
72 silly gunzTarPerm extractEntry test/views/test_list_layout.haml
73 silly gunzTarPerm extractEntry test/views/detail_spec.coffee
74 silly gunzTarPerm extractEntry test/templates/detail_view.haml
75 silly gunzTarPerm extractEntry test/models/model_spec.coffee
76 silly gunzTarPerm extractEntry test/models/collection_spec.coffee
77 silly gunzTarPerm extractEntry test/models/loader_spec.coffee
78 silly gunzTarPerm extractEntry views/view.coffee
79 silly gunzTarPerm extractEntry views/notice_view.coffee
80 silly gunzTarPerm extractEntry views/detail_view.coffee
81 silly gunzTarPerm extractEntry views/list_view.coffee
82 silly gunzTarPerm extractEntry views/login/login_view.coffee
83 silly gunzTarPerm extractEntry views/navigation_view.coffee
84 silly gunzTarPerm extractEntry models/model.coffee
85 silly gunzTarPerm extractEntry models/collection.coffee
86 silly gunzTarPerm extractEntry models/user.coffee
87 silly gunzTarPerm extractEntry models/filtered_collection.coffee
88 silly gunzTarPerm extractEntry models/loader.coffee
89 verbose read json /home/mcbride/tmp/npm-27779/1362176655929-0.8267894508317113/package/package.json
90 silly lockFile f590f02f-55929-0-8267894508317113-package /home/mcbride/tmp/npm-27779/1362176655929-0.8267894508317113/package
91 silly lockFile f590f02f-55929-0-8267894508317113-package /home/mcbride/tmp/npm-27779/1362176655929-0.8267894508317113/package
92 silly lockFile 6be36908-55929-0-8267894508317113-tmp-tgz /home/mcbride/tmp/npm-27779/1362176655929-0.8267894508317113/tmp.tgz
93 silly lockFile 6be36908-55929-0-8267894508317113-tmp-tgz /home/mcbride/tmp/npm-27779/1362176655929-0.8267894508317113/tmp.tgz
94 verbose from cache /home/mcbride/tmp/npm-27779/1362176655929-0.8267894508317113/package/package.json
95 verbose tar pack [ '/home/mcbride/.npm/quips/0.0.45/package.tgz',
95 verbose tar pack   '/home/mcbride/tmp/npm-27779/1362176655929-0.8267894508317113/package' ]
96 verbose tarball /home/mcbride/.npm/quips/0.0.45/package.tgz
97 verbose folder /home/mcbride/tmp/npm-27779/1362176655929-0.8267894508317113/package
98 silly lockFile f590f02f-55929-0-8267894508317113-package /home/mcbride/tmp/npm-27779/1362176655929-0.8267894508317113/package
99 verbose lock /home/mcbride/tmp/npm-27779/1362176655929-0.8267894508317113/package /home/mcbride/.npm/f590f02f-55929-0-8267894508317113-package.lock
100 silly lockFile 6e14e499-ide-npm-quips-0-0-45-package-tgz /home/mcbride/.npm/quips/0.0.45/package.tgz
101 verbose lock /home/mcbride/.npm/quips/0.0.45/package.tgz /home/mcbride/.npm/6e14e499-ide-npm-quips-0-0-45-package-tgz.lock
102 silly lockFile f590f02f-55929-0-8267894508317113-package /home/mcbride/tmp/npm-27779/1362176655929-0.8267894508317113/package
103 silly lockFile f590f02f-55929-0-8267894508317113-package /home/mcbride/tmp/npm-27779/1362176655929-0.8267894508317113/package
104 silly lockFile 6e14e499-ide-npm-quips-0-0-45-package-tgz /home/mcbride/.npm/quips/0.0.45/package.tgz
105 silly lockFile 6e14e499-ide-npm-quips-0-0-45-package-tgz /home/mcbride/.npm/quips/0.0.45/package.tgz
106 silly lockFile cdf75cc6-mcbride-npm-quips-0-0-45-package /home/mcbride/.npm/quips/0.0.45/package
107 verbose lock /home/mcbride/.npm/quips/0.0.45/package /home/mcbride/.npm/cdf75cc6-mcbride-npm-quips-0-0-45-package.lock
108 silly lockFile cdf75cc6-mcbride-npm-quips-0-0-45-package /home/mcbride/.npm/quips/0.0.45/package
109 silly lockFile cdf75cc6-mcbride-npm-quips-0-0-45-package /home/mcbride/.npm/quips/0.0.45/package
110 verbose tar unpack /home/mcbride/.npm/quips/0.0.45/package.tgz
111 silly lockFile cdf75cc6-mcbride-npm-quips-0-0-45-package /home/mcbride/.npm/quips/0.0.45/package
112 verbose lock /home/mcbride/.npm/quips/0.0.45/package /home/mcbride/.npm/cdf75cc6-mcbride-npm-quips-0-0-45-package.lock
113 silly lockFile 6e14e499-ide-npm-quips-0-0-45-package-tgz /home/mcbride/.npm/quips/0.0.45/package.tgz
114 verbose lock /home/mcbride/.npm/quips/0.0.45/package.tgz /home/mcbride/.npm/6e14e499-ide-npm-quips-0-0-45-package-tgz.lock
115 silly gunzTarPerm modes [ '755', '644' ]
116 silly gunzTarPerm extractEntry package.json
117 silly gunzTarPerm extractEntry .npmignore
118 silly gunzTarPerm extractEntry README.md
119 silly gunzTarPerm extractEntry slug.js
120 silly gunzTarPerm extractEntry .travis.yml
121 silly gunzTarPerm extractEntry Makefile
122 silly gunzTarPerm extractEntry lib/date.js
123 silly gunzTarPerm extractEntry lib/stickysidebar.jquery.js
124 silly gunzTarPerm extractEntry lib/jquery-ui-1.8.22.datepicker-only.min.js
125 silly gunzTarPerm extractEntry lib/jquery.blockUI.js
126 silly gunzTarPerm extractEntry lib/events.coffee
127 silly gunzTarPerm extractEntry lib/format.coffee
128 silly gunzTarPerm extractEntry lib/combiner.coffee
129 silly gunzTarPerm extractEntry lib/sticky.coffee
130 silly gunzTarPerm extractEntry lib/forms.coffee
131 silly gunzTarPerm extractEntry quips.coffee
132 silly gunzTarPerm extractEntry controllers/navigation_controller.coffee
133 silly gunzTarPerm extractEntry controllers/login_controller.coffee
134 silly gunzTarPerm extractEntry controllers/form_controller.coffee
135 silly gunzTarPerm extractEntry controllers/controller.coffee
136 silly gunzTarPerm extractEntry test/controllers/controller_spec.coffee
137 silly gunzTarPerm extractEntry test/controllers/test_controller_layout.haml
138 silly gunzTarPerm extractEntry test/controllers/test_zzz_template.haml
139 silly gunzTarPerm extractEntry test/controllers/test_aaa_template.haml
140 silly gunzTarPerm extractEntry test/controllers/test_sort_template.haml
141 silly gunzTarPerm extractEntry test/lib/mock_server.js
142 silly gunzTarPerm extractEntry test/lib/forms_spec.coffee
143 silly gunzTarPerm extractEntry test/lib/chai_extensions.coffee
144 silly gunzTarPerm extractEntry test/lib/format_spec.coffee
145 silly gunzTarPerm extractEntry test/lib/form_view_spec_template.haml
146 silly gunzTarPerm extractEntry test/lib/combiner_spec.coffee
147 silly gunzTarPerm extractEntry test/lib/form_error.haml
148 silly gunzTarPerm extractEntry test/lib/events_spec.coffee
149 silly gunzTarPerm extractEntry test/setup.coffee
150 silly gunzTarPerm extractEntry test/views/view_spec.coffee
151 silly gunzTarPerm extractEntry test/views/test_form.haml
152 silly gunzTarPerm extractEntry test/views/navigation_view_spec.coffee
153 silly gunzTarPerm extractEntry test/views/list_view_spec.coffee
154 silly gunzTarPerm extractEntry test/views/test_list_template.haml
155 silly gunzTarPerm extractEntry test/views/test_template.haml
156 silly gunzTarPerm extractEntry test/views/notice_view_spec.coffee
157 silly gunzTarPerm extractEntry test/views/test_list_layout.haml
158 silly gunzTarPerm extractEntry test/views/detail_spec.coffee
159 silly gunzTarPerm extractEntry test/templates/detail_view.haml
160 silly gunzTarPerm extractEntry test/models/model_spec.coffee
161 silly gunzTarPerm extractEntry test/models/collection_spec.coffee
162 silly gunzTarPerm extractEntry test/models/loader_spec.coffee
163 silly gunzTarPerm extractEntry models/model.coffee
164 silly gunzTarPerm extractEntry models/collection.coffee
165 silly gunzTarPerm extractEntry models/user.coffee
166 silly gunzTarPerm extractEntry models/filtered_collection.coffee
167 silly gunzTarPerm extractEntry models/loader.coffee
168 silly gunzTarPerm extractEntry views/view.coffee
169 silly gunzTarPerm extractEntry views/notice_view.coffee
170 silly gunzTarPerm extractEntry views/detail_view.coffee
171 silly gunzTarPerm extractEntry views/list_view.coffee
172 silly gunzTarPerm extractEntry views/login/login_view.coffee
173 silly gunzTarPerm extractEntry views/navigation_view.coffee
174 silly gunzTarPerm extractEntry slug.json
175 verbose read json /home/mcbride/.npm/quips/0.0.45/package/package.json
176 silly lockFile cdf75cc6-mcbride-npm-quips-0-0-45-package /home/mcbride/.npm/quips/0.0.45/package
177 silly lockFile cdf75cc6-mcbride-npm-quips-0-0-45-package /home/mcbride/.npm/quips/0.0.45/package
178 silly lockFile 6e14e499-ide-npm-quips-0-0-45-package-tgz /home/mcbride/.npm/quips/0.0.45/package.tgz
179 silly lockFile 6e14e499-ide-npm-quips-0-0-45-package-tgz /home/mcbride/.npm/quips/0.0.45/package.tgz
180 silly shasum updated bytes 40960
181 silly shasum updated bytes 11334
182 info shasum 8f2f72142cb004441a5446695994b3f9f2a28936
182 info shasum /home/mcbride/.npm/quips/0.0.45/package.tgz
183 verbose from cache /home/mcbride/.npm/quips/0.0.45/package/package.json
184 verbose chmod /home/mcbride/.npm/quips/0.0.45/package.tgz 644
185 verbose chown /home/mcbride/.npm/quips/0.0.45/package.tgz [ 1000, 100 ]
186 silly lockFile 3a52ce78- .
187 silly publish { name: 'quips',
187 silly publish   version: '0.0.45',
187 silly publish   dependencies:
187 silly publish    { 'coffee-script': '1.3.3',
187 silly publish      jqueryify2: '0.0.1',
187 silly publish      json2ify: '0.0.1',
187 silly publish      underscore: '1.4.3',
187 silly publish      backbone: '0.9.10',
187 silly publish      'haml-coffee': '1.4.1',
187 silly publish      hem: '0.2.7',
187 silly publish      'hem-haml-coffee': '0.0.3',
187 silly publish      jsdom: '0.2.15',
187 silly publish      mocha: '1.3.2',
187 silly publish      chai: '1.2.0',
187 silly publish      sinon: '1.5.2' },
187 silly publish   devDependencies: {},
187 silly publish   optionalDependencies: {},
187 silly publish   engines: { node: '*' },
187 silly publish   author: { name: 'Vistar Media', url: 'http://www.vistarmedia.com' },
187 silly publish   description: 'a leak-plugging layer on top of backbone.js with some UI enhancements',
187 silly publish   repository: { type: 'git', url: 'git://github.com/vistarmedia/quips.git' },
187 silly publish   main: './quips',
187 silly publish   scripts: { test: 'make test' },
187 silly publish   readme: '#quips\na leak-plugging layer on top of backbone.js\n\na basic example can be found here: http://github.com/vistarmedia/quips-example\n\n[![Build Status](https://api.travis-ci.org/vistarmedia/quips.png?branch=master)](http://travis-ci.org/vistarmedia/quips?branch=master)\n\n###Installation\n```bash\nnpm install quips\n```\n\n###Authentication\ncurrently, quips will assume a rest resource "/session/" which responds to GET, POST and DELETE requests.\n- the GET should return the email (username) and name (friendly name) for a currently logged on session.\n- the POST should authenticate a user based on username/password.\n- the DELETE should log out the user.\n\n###Block UI Integration\nyou may create a global blocking UI overlay from any view by calling block() on that view. unblocking is just as simple by calling unblock().\n\n###Sticky Sidebar Integration\nany DetailView can be passed the sticky:true option to its constructor. this will make sure it stays visible during scrolling.\n',
187 silly publish   readmeFilename: 'README.md',
187 silly publish   _id: 'quips@0.0.45',
187 silly publish   dist: { shasum: '8f2f72142cb004441a5446695994b3f9f2a28936' },
187 silly publish   _from: '.' }
188 verbose url raw quips
189 verbose url resolving [ 'https://registry.npmjs.org/', './quips' ]
190 verbose url resolved https://registry.npmjs.org/quips
191 info trying registry request attempt 1 at 17:24:27
192 http PUT https://registry.npmjs.org/quips
193 http 409 https://registry.npmjs.org/quips
194 verbose url raw quips
195 verbose url resolving [ 'https://registry.npmjs.org/', './quips' ]
196 verbose url resolved https://registry.npmjs.org/quips
197 info trying registry request attempt 1 at 17:24:27
198 http GET https://registry.npmjs.org/quips
199 http 200 https://registry.npmjs.org/quips
200 error publish fail Cannot publish over existing version.
200 error publish fail Update the 'version' field in package.json and try again.
200 error publish fail
200 error publish fail If the previous version was published in error, see:
200 error publish fail     npm help unpublish
200 error publish fail
200 error publish fail To automatically increment version numbers, see:
200 error publish fail     npm help version
201 error System Linux 3.7.9-1-ARCH
202 error command "/usr/bin/node" "/usr/bin/npm" "publish"
203 error cwd /home/mcbride/src/quips
204 error node -v v0.8.21
205 error npm -v 1.2.11
206 error code EPUBLISHCONFLICT
207 verbose exit [ 1, true ]
